<?xml version="1.0" encoding="UTF-8"?>
<testsuite xmlns:xsi="http://www.w3.org/2001/XMLSchema-instance" xsi:noNamespaceSchemaLocation="https://maven.apache.org/surefire/maven-surefire-plugin/xsd/surefire-test-report.xsd" name="tests.SetupTest" time="116.268" tests="6" errors="0" skipped="0" failures="0">
  <properties>
[...]
</properties>
  <testcase name="testOpeningBrowserAndLoadingPage" classname="tests.SetupTest" time="17.944"/>
  <testcase name="testLogin" classname="tests.SetupTest" time="19.55"/>
  <testcase name="testeSearch" classname="tests.SetupTest" time="18.333"/>
  <testcase name="testAddProductToProductPage" classname="tests.SetupTest" time="20.003"/>
  <testcase name="testAcessCategoryTShirts" classname="tests.SetupTest" time="15.311"/>
  <testcase name="testAddProductToCartPage" classname="tests.SetupTest" time="24.184"/>
</testsuite>